2025-02-26 20:24:04,194 INFO HTTP Request: POST http://127.0.0.1:11434/api/generate "HTTP/1.1 200 OK"
2025-02-26 20:24:04,200 INFO Answer value
 Id: 1
Response: There are several places called Rochester, so it's possible that you're referring to one of the following:

1. Rochester, New York, USA: Located in the state of New York, in the northeastern United States. It is situated on the southern shore of Lake Ontario and is the largest city in the state.
2. Rochester, Minnesota, USA: A small city located in Olmsted County, Minnesota, in the western United States.
3. Rochester, Kent, England, UK: A market town located in the county of Kent, in southeastern England.
4. Rochester, Victoria, Australia: A suburb of Melbourne, the capital city of the state of Victoria, in southern Australia.

If you could provide more context or clarify which Rochester you're referring to, I'd be happy to try and assist you further!
Creation Time: 2025-02-27T01:24:03.792962Z
Duration: 9315581125

2025-02-26 20:24:04,748 INFO HTTP Request: POST http://127.0.0.1:11434/api/generate "HTTP/1.1 200 OK"
2025-02-26 20:24:04,749 INFO Answer value
 Id: 2
Response: The United States has 50 states.
Creation Time: 2025-02-27T01:24:04.747062Z
Duration: 543418750

2025-02-26 20:24:08,289 INFO HTTP Request: POST http://127.0.0.1:11434/api/generate "HTTP/1.1 200 OK"
2025-02-26 20:24:08,297 INFO Answer value
 Id: 3
Response: I'm not sure which specific date you are referring to, but as of my cut-off knowledge in December 2023, Joe Biden is the President of the United States. However, please note that this information may have changed since then. For the most up-to-date information, I recommend checking a reliable news source or the official website of the White House.
Creation Time: 2025-02-27T01:24:08.267016Z
Duration: 3516189417

2025-02-26 20:24:25,485 INFO HTTP Request: POST http://127.0.0.1:11434/api/generate "HTTP/1.1 200 OK"
2025-02-26 20:24:25,497 INFO Answer value
 Id: 4
Response: Here are five highly-recommended restaurants in New York City, covering a range of cuisines and price points:

1. **Eleven Madison Park** (Fine Dining)
Address: 11 Madison Ave, New York, NY 10010
Price Range: $300-$400 per person
Chef Daniel Humm's three-Michelin-starred restaurant offers an exquisite tasting menu featuring seasonal ingredients and exceptional service.

2. **Carbone** (Italian-American)
Address: 181 Thompson St, New York, NY 10012
Price Range: $20-$50 per entree
This retro-styled Italian-American restaurant is known for its over-the-top dishes, generous portions, and lively atmosphere.

3. **Di Fara Pizza** (Pizzeria)
Address: 1424 Fulton St, Brooklyn, NY 11216
Price Range: $10-$15 per pie
This iconic pizzeria has been serving some of the city's best slice pizza since 1964. Be prepared for a lively atmosphere and long lines.

4. **Momofuku Noodle Bar** (Pan-Asian)
Address: 171 First Ave, New York, NY 10003
Price Range: $15-$25 per entree
This trendy restaurant from David Chang offers a creative take on traditional Asian cuisine, including its famous pork buns and spicy ramen.

5. **Peter Luger Steak House** (Steakhouse)
Address: 178 Broadway, Brooklyn, NY 11201
Price Range: $50-$100 per person
Established in 1887, this iconic steakhouse has been a New York institution for over 130 years. It's known for its top-quality dry-aged steaks and classic atmosphere.

Reservations are highly recommended for these restaurants, as they tend to fill up quickly. Enjoy your dining experience in New York City!
Creation Time: 2025-02-27T01:24:25.438311Z
Duration: 17137533584

2025-02-26 20:24:42,950 INFO HTTP Request: POST http://127.0.0.1:11434/api/generate "HTTP/1.1 200 OK"
2025-02-26 20:24:43,018 INFO Answer value
 Id: 5
Response: Determining the "best" soccer player of all time is subjective and often depends on personal opinions, biases, and generational differences. However, based on various rankings, awards, and expert opinions, here are some of the most commonly cited candidates:

1. Lionel Messi: Regarded by many as the greatest player of all time, Messi has won a record-breaking six Ballon d'Or awards and led Barcelona to numerous championships.
2. Cristiano Ronaldo: A five-time Ballon d'Or winner, Ronaldo is known for his exceptional skill, speed, and goal-scoring ability, which have made him a dominant force in the sport.
3. Diego Maradona: A legendary Argentine midfielder, Maradona is widely regarded as one of the greatest players of all time, known for his exceptional dribbling skills, vision, and leadership.
4. Johan Cruyff: A Dutch football legend, Cruyff is credited with revolutionizing the game with his innovative playing style, which emphasized possession-based soccer and individual creativity.
5. Pelé: A Brazilian icon, Pelé is widely regarded as one of the greatest players of all time, known for his speed, skill, and goal-scoring ability.

Other notable players who are often included in "best of all time" discussions include:

* Zinedine Zidane
* Andres Iniesta
* Ronaldinho
* Gerd Muller
* Ferenc Puskas

Ultimately, the answer to this question depends on individual perspectives and preferences. Who do you think is the best soccer player of all time?
Creation Time: 2025-02-27T01:24:42.688831Z
Duration: 17185281667

2025-02-26 20:24:43,709 INFO HTTP Request: POST http://127.0.0.1:11434/api/generate "HTTP/1.1 200 OK"
2025-02-26 20:24:43,715 INFO Answer value
 Id: 6
Response: The capital of France is Paris.
Creation Time: 2025-02-27T01:24:43.698749Z
Duration: 664741791

2025-02-26 20:24:54,775 INFO HTTP Request: POST http://127.0.0.1:11434/api/generate "HTTP/1.1 200 OK"
2025-02-26 20:24:54,794 INFO Answer value
 Id: 7
Response: There is ongoing debate among geographers and educators about the number of continents. Some sources consider the following seven continents:

1. Africa
2. Antarctica
3. Asia
4. Australia
5. Europe
6. North America
7. South America

However, some sources consider only six continents:

1. Africa
2. Antarctica
3. Asia
4. Australia
5. Europe
6. North America

The reasoning behind the difference is often due to the inclusion of Europe and Asia as a single continent (Eurasia) or not separating them into two distinct continents.

Another perspective groups the Americas together, considering North and South America as a single continent, Americas.

Some sources also consider other groupings:

- 4 main continents: Africa, Asia, Australia/Oceania, and Antarctica
- 5 main continents: Europe/Africa and Asia, with separate recognition of the Americas or Oceania

In conclusion, there is no universally agreed-upon number of continents. The classification can vary depending on the source and perspective.
Creation Time: 2025-02-27T01:24:54.706882Z
Duration: 10989767750

2025-02-26 20:24:57,338 INFO HTTP Request: POST http://127.0.0.1:11434/api/generate "HTTP/1.1 200 OK"
2025-02-26 20:24:57,348 INFO Answer value
 Id: 8
Response: The tallest mountain on Earth is Mount Everest, which is part of the Himalayas mountain range in Asia. It stands at a height of approximately 8,848 meters (29,029 feet) above sea level.
Creation Time: 2025-02-27T01:24:57.308461Z
Duration: 2505222417

2025-02-26 20:24:58,424 INFO HTTP Request: POST http://127.0.0.1:11434/api/generate "HTTP/1.1 200 OK"
2025-02-26 20:24:58,425 INFO Answer value
 Id: 9
Response: The author of the classic novel "To Kill a Mockingbird" is Harper Lee.
Creation Time: 2025-02-27T01:24:58.415526Z
Duration: 1060736000

2025-02-26 20:25:00,588 INFO HTTP Request: POST http://127.0.0.1:11434/api/generate "HTTP/1.1 200 OK"
2025-02-26 20:25:00,589 INFO Answer value
 Id: 10
Response: The Pacific Ocean is the largest of the five oceans, covering approximately 155.6 million square kilometers (60.1 million square miles) and accounting for approximately 46% of the Earth's total ocean area.
Creation Time: 2025-02-27T01:25:00.581544Z
Duration: 2154870333

2025-02-26 20:25:04,044 INFO HTTP Request: POST http://127.0.0.1:11434/api/generate "HTTP/1.1 200 OK"
2025-02-26 20:25:04,047 INFO Answer value
 Id: 11
Response: The Mona Lisa was painted by Leonardo da Vinci, an Italian artist and polymath from the Renaissance period. He is widely considered one of the greatest painters of all time, and the Mona Lisa is arguably his most famous work. The painting is believed to have been completed around 1506-1519 and is now housed in the Louvre Museum in Paris, France.
Creation Time: 2025-02-27T01:25:04.023112Z
Duration: 3432037541

2025-02-26 20:25:11,493 INFO HTTP Request: POST http://127.0.0.1:11434/api/generate "HTTP/1.1 200 OK"
2025-02-26 20:25:11,495 INFO Answer value
 Id: 12
Response: The Nile River is generally considered the longest river in the world, with a length of approximately 6,695 kilometers (4,160 miles). However, some sources may dispute this and consider other rivers, such as the Amazon or the Yangtze, to be longer.

It's worth noting that measuring the length of a river can be challenging, as it depends on how one defines the river's boundaries. The Nile River flows through 11 countries in northeastern Africa, including Egypt, Sudan, South Sudan, Burundi, Rwanda, Tanzania, Uganda, Democratic Republic of the Congo, Kenya, Ethiopia, and Eritrea.

The length of a river can also vary depending on the source and method used to measure it. However, based on most accepted sources, the Nile River is widely considered the longest river in the world.
Creation Time: 2025-02-27T01:25:11.466614Z
Duration: 7417661208

2025-02-26 20:25:14,898 INFO HTTP Request: POST http://127.0.0.1:11434/api/generate "HTTP/1.1 200 OK"
2025-02-26 20:25:14,904 INFO Answer value
 Id: 13
Response: There are eight planets in our solar system:

1. Mercury
2. Venus
3. Earth
4. Mars
5. Jupiter
6. Saturn
7. Uranus
8. Neptune

Note: Pluto was previously considered a planet but was reclassified as a dwarf planet by the International Astronomical Union (IAU) in 2006.
Creation Time: 2025-02-27T01:25:14.878004Z
Duration: 3381559333

2025-02-26 20:25:21,725 INFO HTTP Request: POST http://127.0.0.1:11434/api/generate "HTTP/1.1 200 OK"
2025-02-26 20:25:21,736 INFO Answer value
 Id: 14
Response: The speed of light in a vacuum is approximately 299,792,458 meters per second (m/s). This value is widely accepted and used as a fundamental constant in physics.

However, it's worth noting that the speed of light can vary slightly depending on the medium it travels through. For example:

* In air, the speed of light is about 299,703,000 m/s
* In water, the speed of light is about 225,000,000 m/s
* In glass, the speed of light is about 200,000,000 m/s

But in a vacuum, where there are no particles to interact with, the speed of light is always approximately 299,792,458 m/s.
Creation Time: 2025-02-27T01:25:21.692247Z
Duration: 6784624708

2025-02-26 20:25:23,583 INFO HTTP Request: POST http://127.0.0.1:11434/api/generate "HTTP/1.1 200 OK"
2025-02-26 20:25:23,608 INFO Answer value
 Id: 15
Response: The founders of Microsoft are Bill Gates and Paul Allen. They co-founded the company on April 4, 1975.
Creation Time: 2025-02-27T01:25:23.491667Z
Duration: 1747911459

2025-02-26 20:25:26,570 INFO HTTP Request: POST http://127.0.0.1:11434/api/generate "HTTP/1.1 200 OK"
2025-02-26 20:25:26,580 INFO Answer value
 Id: 16
Response: The last FIFA World Cup was held in 2022, and the winner of that tournament was Argentina. They defeated France in a penalty shootout after the match ended 3-3 after extra time in the final on December 18, 2022.
Creation Time: 2025-02-27T01:25:26.537118Z
Duration: 2915848750

2025-02-26 20:25:37,913 INFO HTTP Request: POST http://127.0.0.1:11434/api/generate "HTTP/1.1 200 OK"
2025-02-26 20:25:37,925 INFO Answer value
 Id: 17
Response: The most spoken language in the world is English, with over 1.5 billion speakers globally. It is estimated that around 379 million people speak English as their first language, while another 337 million people speak it as a second language.

However, if we consider the total number of native and non-native speakers, Mandarin Chinese is often considered the most spoken language in the world, with over 1 billion speakers. But it's worth noting that this number can vary depending on how one defines a "speaker" (e.g., does it include children who are learning English or other languages?).

Here's a rough breakdown of the top 5 most spoken languages in the world:

1. English: 1.5 billion speakers
2. Mandarin Chinese: 1 billion speakers (native) + 400 million speakers (non-native)
3. Spanish: 460 million native speakers and 90 million non-native speakers
4. Arabic: 315 million native speakers and 100 million non-native speakers
5. Hindi: 310 million native speakers and 70 million non-native speakers

Keep in mind that these numbers are estimates and can vary depending on the source.
Creation Time: 2025-02-27T01:25:37.872328Z
Duration: 11287618125

2025-02-26 20:25:41,800 INFO HTTP Request: POST http://127.0.0.1:11434/api/generate "HTTP/1.1 200 OK"
2025-02-26 20:25:41,809 INFO Answer value
 Id: 18
Response: The first person to walk on the moon was Neil Armstrong. He stepped out of the lunar module Eagle and onto the moon's surface on July 20, 1969, during the Apollo 11 mission. Armstrong famously declared, "That's one small step for man, one giant leap for mankind," as he became the first human to set foot on another celestial body.
Creation Time: 2025-02-27T01:25:41.752224Z
Duration: 3819408084

2025-02-26 20:25:46,854 INFO HTTP Request: POST http://127.0.0.1:11434/api/generate "HTTP/1.1 200 OK"
2025-02-26 20:25:46,864 INFO Answer value
 Id: 19
Response: The smallest country in the world is the Vatican City, which has a total area of approximately 0.44 km² (0.17 sq mi). It is an independent city-state located within Rome, Italy, and is home to the Pope and the central government of the Catholic Church. Despite its small size, the Vatican City is recognized as a sovereign state by the international community and has diplomatic relations with over 180 countries around the world.
Creation Time: 2025-02-27T01:25:46.817284Z
Duration: 5002579791

2025-02-26 20:25:48,473 INFO HTTP Request: POST http://127.0.0.1:11434/api/generate "HTTP/1.1 200 OK"
2025-02-26 20:25:48,475 INFO Answer value
 Id: 20
Response: The currency of Japan is the Japanese yen (¥). It is denoted by the symbol "¥" and is abbreviated as "JPY".
Creation Time: 2025-02-27T01:25:48.450097Z
Duration: 1581253083

2025-02-26 20:26:03,157 INFO HTTP Request: POST http://127.0.0.1:11434/api/generate "HTTP/1.1 200 OK"
2025-02-26 20:26:03,168 INFO Answer value
 Id: 21
Response: Gravity was not exactly "discovered" by a single person, but rather it has been understood and described by scientists over time. The concept of gravity has been around for centuries, with ancient civilizations such as the Greeks and Romans recognizing its existence.

However, the modern understanding of gravity as we know it today is largely attributed to Sir Isaac Newton (1643-1727). In his groundbreaking work "Philosophiæ Naturalis Principia Mathematica" (Mathematical Principles of Natural Philosophy), published in 1687, Newton presented his laws of motion and universal gravitation.

Newton's Law of Universal Gravitation states that every point mass attracts every other point mass by a force acting along the line intersecting both points. This law described the gravitational force between two objects as proportional to their masses and inversely proportional to the square of the distance between them.

Later, in the 20th century, Albert Einstein (1879-1955) developed the theory of general relativity, which revolutionized our understanding of gravity. According to Einstein's theory, gravity is not a force that acts between objects, but rather a curvature of spacetime caused by massive objects.

Other scientists, such as Galileo Galilei, Johannes Kepler, and Pierre-Simon Laplace, also made significant contributions to the study of gravity before Newton and Einstein. However, it was Newton's work on universal gravitation that laid the foundation for our modern understanding of gravity.
Creation Time: 2025-02-27T01:26:02.999037Z
Duration: 14522655375

2025-02-26 20:26:04,292 INFO HTTP Request: POST http://127.0.0.1:11434/api/generate "HTTP/1.1 200 OK"
2025-02-26 20:26:04,293 INFO Answer value
 Id: 22
Response: The boiling point of water is 100 degrees Celsius (°C) at standard atmospheric pressure.
Creation Time: 2025-02-27T01:26:04.28473Z
Duration: 1109917625

2025-02-26 20:26:14,695 INFO HTTP Request: POST http://127.0.0.1:11434/api/generate "HTTP/1.1 200 OK"
2025-02-26 20:26:14,709 INFO Answer value
 Id: 23
Response: The Great Wall of China is located in northern China, stretching across multiple provinces and municipalities. It passes through the following regions:

1. Beijing Municipality
2. Hebei Province
3. Shanxi Province
4. Inner Mongolia Autonomous Region
5. Liaoning Province

Some specific sections of the wall can be found in the following locations:

* Badaling: A popular tourist destination near Beijing
* Mutianyu: Located about 45 miles (72 km) northeast of Beijing
* Jinshanling: A more remote and less visited section, also near Beijing
* Simatai: Another remote section, located about 100 miles (160 km) northeast of Beijing

The Great Wall stretches for approximately 13,170 miles (21,196 km), but it is not a single, continuous structure. It was built in multiple stages over several centuries, and many sections have been damaged or destroyed over time.

It's worth noting that the wall was originally constructed to protect the Chinese Empire from invaders, but its exact location and extent are still a subject of debate among historians and archaeologists.
Creation Time: 2025-02-27T01:26:14.644023Z
Duration: 10349260958

2025-02-26 20:26:15,256 INFO HTTP Request: POST http://127.0.0.1:11434/api/generate "HTTP/1.1 200 OK"
2025-02-26 20:26:15,257 INFO Answer value
 Id: 24
Response: The chemical symbol for gold is Au.
Creation Time: 2025-02-27T01:26:15.253954Z
Duration: 537765584

2025-02-26 20:26:26,781 INFO HTTP Request: POST http://127.0.0.1:11434/api/generate "HTTP/1.1 200 OK"
2025-02-26 20:26:26,789 INFO Answer value
 Id: 25
Response: The invention of the telephone is credited to Alexander Graham Bell, a Scottish-born inventor and scientist. He patented the first practical telephone on March 7, 1876. However, there is some controversy surrounding the true origin of the invention.

Alexander Graham Bell was working on a device that could transmit the human voice over wires when he made the breakthrough. He filed for a patent for his invention on February 14, 1876, and was granted U.S. Patent 174,465 on March 7, 1876.

However, there is evidence to suggest that Elisha Gray, an American inventor, had also been working on similar devices around the same time as Bell. On February 14, 1876, just hours after Bell filed his patent application, Gray filed a caveat for his own invention at the U.S. Patent Office.

Additionally, some researchers have suggested that Antonio Meucci, an Italian-American inventor, may have developed a precursor to the telephone in the 1840s. However, there is no conclusive evidence to support this claim, and Meucci's work was not widely recognized or patented during his lifetime.

Despite these controversies, Alexander Graham Bell is widely credited with inventing the first practical telephone, which revolutionized communication and transformed the world.
Creation Time: 2025-02-27T01:26:26.743251Z
Duration: 11484918125

2025-02-26 20:26:31,421 INFO HTTP Request: POST http://127.0.0.1:11434/api/generate "HTTP/1.1 200 OK"
2025-02-26 20:26:31,429 INFO Answer value
 Id: 26
Response: The largest mammal in the world is the blue whale (Balaenoptera musculus). On average, an adult blue whale can grow up to 82 feet (25 meters) in length and weigh around 150-170 tons (136,000-152,000 kilograms). However, some individuals have been known to reach lengths of over 100 feet (30 meters) and weigh as much as 200 tons (181,000 kilograms).
Creation Time: 2025-02-27T01:26:31.37874Z
Duration: 4583602750

2025-02-26 20:26:32,139 INFO HTTP Request: POST http://127.0.0.1:11434/api/generate "HTTP/1.1 200 OK"
2025-02-26 20:26:32,140 INFO Answer value
 Id: 27
Response: Christopher Nolan directed the movie "Inception".
Creation Time: 2025-02-27T01:26:32.128416Z
Duration: 689754083

2025-02-26 20:26:41,220 INFO HTTP Request: POST http://127.0.0.1:11434/api/generate "HTTP/1.1 200 OK"
2025-02-26 20:26:41,225 INFO Answer value
 Id: 28
Response: Italy has several dishes that are considered its national dishes, but some of the most commonly cited ones include:

1. Pasta Carbonara: A rich and creamy pasta dish made with bacon or pancetta, eggs, parmesan cheese, and black pepper.
2. Pizza Margherita: A classic Neapolitan-style pizza topped with tomato sauce, mozzarella cheese, and fresh basil leaves.
3. Risotto alla Milanese: A traditional rice dish from Milan, typically made with saffron-infused risotto, beef or veal broth, butter, parmesan cheese, and served with ossobuco (braised veal shanks).
4. Pollo alla Cacciatora: A hearty hunter-style chicken dish made with onions, bell peppers, tomatoes, mushrooms, and white wine.

It's worth noting that Italy is a country with rich culinary diversity, and different regions have their own unique dishes that are considered national or regional specialties.
Creation Time: 2025-02-27T01:26:41.166247Z
Duration: 9024480416

2025-02-26 20:26:43,091 INFO HTTP Request: POST http://127.0.0.1:11434/api/generate "HTTP/1.1 200 OK"
2025-02-26 20:26:43,092 INFO Answer value
 Id: 29
Response: Mars is commonly referred to as the "Red Planet". This nickname comes from its reddish appearance, which is due to iron oxide (or rust) in the planet's soil and rocks.
Creation Time: 2025-02-27T01:26:43.088498Z
Duration: 1855526208

2025-02-26 20:26:51,497 INFO HTTP Request: POST http://127.0.0.1:11434/api/generate "HTTP/1.1 200 OK"
2025-02-26 20:26:51,499 INFO Answer value
 Id: 30
Response: The most popular sport in the world is soccer, also known as football. It is estimated that over 3.5 billion people watch or play soccer regularly, making it the most widely viewed and played sport globally.

Soccer's popularity can be attributed to its simplicity, requiring only a ball and some open space, making it accessible to people of all ages and backgrounds. The sport also has a massive global following, with major international tournaments like the FIFA World Cup drawing in huge audiences worldwide.

According to a survey by Gallup in 2019, soccer is followed by cricket (2.5 billion fans), basketball (2 billion fans), and tennis (1 billion fans) as the most popular sports globally.

It's worth noting that while soccer may be the most popular sport in terms of viewership and participation, other sports like American football, rugby, and hockey are extremely popular in specific regions or countries.
Creation Time: 2025-02-27T01:26:51.470985Z
Duration: 8377247667

2025-02-26 20:26:54,258 INFO HTTP Request: POST http://127.0.0.1:11434/api/generate "HTTP/1.1 200 OK"
2025-02-26 20:26:54,258 INFO Answer value
 Id: 31
Response: The Statue of Liberty is located on Liberty Island in New York Harbor, within the state of New York. The statue was a gift from France to the United States and was dedicated on October 28, 1886. It has since become an iconic symbol of freedom, democracy, and American values.
Creation Time: 2025-02-27T01:26:54.255505Z
Duration: 2754932958

2025-02-26 20:27:02,287 INFO HTTP Request: POST http://127.0.0.1:11434/api/generate "HTTP/1.1 200 OK"
2025-02-26 20:27:02,297 INFO Answer value
 Id: 32
Response: John Atanasoff is often referred to as the "Father of Computers" for his work on the first electronic computer, the Atanasoff-Berry Computer (ABC), in the 1930s. However, another pioneer, Charles Babbage, is also sometimes credited with this title.

Charles Babbage is known for designing the first mechanical computer, the Difference Engine, and the Analytical Engine, a more advanced machine that could perform calculations and store data.

John Atanasoff's work on the ABC laid the foundation for modern electronic computing, while Babbage's designs paved the way for the development of mechanical computers. Both pioneers made significant contributions to the field of computer science.

It's worth noting that there are other notable figures who also played important roles in the development of computers, such as Alan Turing and Konrad Zuse, among others.
Creation Time: 2025-02-27T01:27:02.235213Z
Duration: 7975285292

2025-02-26 20:27:11,611 INFO HTTP Request: POST http://127.0.0.1:11434/api/generate "HTTP/1.1 200 OK"
2025-02-26 20:27:11,625 INFO Answer value
 Id: 33
Response: The hardest natural substance on Earth is diamond. Diamonds are made up of pure carbon and have a unique crystal structure that gives them exceptional hardness. On the Mohs scale of mineral hardness, which ranks minerals from softest to hardest based on their resistance to scratching, diamonds score a 10, making them the hardest substance known.

Diamond's hardness is due to its strong covalent bonds between the carbon atoms in its crystal lattice. This makes it extremely resistant to scratches and abrasion, as well as heat and pressure. In fact, diamonds are so hard that they can only be cut or polished using other diamond tools, which is why diamond mining is often done by digging deep into the earth.

It's worth noting that while diamonds are the hardest natural substance on Earth, there are also some synthetic materials that are even harder, such as certain types of nanomaterials. However, for a naturally occurring substance, diamonds remain the toughest and most resilient material known.
Creation Time: 2025-02-27T01:27:11.549305Z
Duration: 9248014166

2025-02-26 20:27:18,597 INFO HTTP Request: POST http://127.0.0.1:11434/api/generate "HTTP/1.1 200 OK"
2025-02-26 20:27:18,606 INFO Answer value
 Id: 34
Response: Beethoven did not compose Symphony No. 5. The famous "da-da-da-DUM" opening of Symphony No. 5 was actually composed by Ludwig van Beethoven's contemporaries, but it is most famously associated with Pyotr Ilyich Tchaikovsky's Symphony No. 6 in B minor, Op. 74, also known as the Pathetique Symphony.

However, Ludwig van Beethoven did compose and dedicate his own Symphony No. 5 in C minor, Op. 67 to his brother-in-law, Johann Heinrich Schott, but it is often mistakenly believed that this is the same symphony with the famous opening.
Creation Time: 2025-02-27T01:27:18.539446Z
Duration: 6907101041

2025-02-26 20:27:19,372 INFO HTTP Request: POST http://127.0.0.1:11434/api/generate "HTTP/1.1 200 OK"
2025-02-26 20:27:19,373 INFO Answer value
 Id: 35
Response: The element with atomic number 1 is Hydrogen (H).
Creation Time: 2025-02-27T01:27:19.361541Z
Duration: 750455250

2025-02-26 20:27:19,882 INFO HTTP Request: POST http://127.0.0.1:11434/api/generate "HTTP/1.1 200 OK"
2025-02-26 20:27:19,883 INFO Answer value
 Id: 36
Response: The capital of Australia is Canberra.
Creation Time: 2025-02-27T01:27:19.881057Z
Duration: 505974542

2025-02-26 20:27:24,706 INFO HTTP Request: POST http://127.0.0.1:11434/api/generate "HTTP/1.1 200 OK"
2025-02-26 20:27:24,707 INFO Answer value
 Id: 37
Response: There are 206 bones in the adult human body. This number can vary slightly from person to person, as some individuals may have extra or missing bones due to various genetic or developmental conditions. However, 206 is the typical number of bones found in a healthy adult human skeleton.

It's worth noting that the number of bones changes throughout life. At birth, the number of bones is around 300, but as we grow and develop, some of these bones fuse together, resulting in the adult number of 206 bones.
Creation Time: 2025-02-27T01:27:24.699517Z
Duration: 4814532458

2025-02-26 20:27:25,584 INFO HTTP Request: POST http://127.0.0.1:11434/api/generate "HTTP/1.1 200 OK"
2025-02-26 20:27:25,585 INFO Answer value
 Id: 38
Response: The play "Romeo and Juliet" was written by William Shakespeare.
Creation Time: 2025-02-27T01:27:25.580535Z
Duration: 871747416

2025-02-26 20:27:35,069 INFO HTTP Request: POST http://127.0.0.1:11434/api/generate "HTTP/1.1 200 OK"
2025-02-26 20:27:35,071 INFO Answer value
 Id: 39
Response: The largest desert in the world is actually a matter of debate among geographers and scientists. The definition of a "desert" can be somewhat subjective, as it depends on how one defines a desert's boundaries and climate conditions.

However, according to the United Nations Environment Programme (UNEP) and other sources, the largest hot desert in the world is the Antarctic Desert, which covers an area of approximately 14 million square kilometers (5.4 million square miles). This makes up about 98% of the Antarctic continent!

The Antarctic Desert is indeed the largest desert on Earth, but it's worth noting that it's also one of the coldest and driest places on the planet.

If we consider the Arctic Desert or other regions, such as the Sahara or Gobi Deserts, they are often considered among the largest hot deserts in terms of land area. However, the Antarctic Desert takes the title as the largest desert overall due to its vast size and unique climate conditions.

Would you like to know more about any specific type of desert?
Creation Time: 2025-02-27T01:27:35.053726Z
Duration: 9466496167

2025-02-26 20:27:40,694 INFO HTTP Request: POST http://127.0.0.1:11434/api/generate "HTTP/1.1 200 OK"
2025-02-26 20:27:40,702 INFO Answer value
 Id: 40
Response: The first Nobel Prizes were awarded in 1901, and the prize in physics was shared between three scientists:

1. Wilhelm Conrad Röntgen (German physicist) for his discovery of X-rays
2. Jean Pierre Louis Durand-Fournet (French engineer), and Henri Becquerel (French physicist)
3. Philipp Eduard Anton von Lenard (Austrian physicist)

However, it's worth noting that in 1901, only one medal was awarded to Wilhelm Conrad Röntgen for his discovery of X-rays.
Creation Time: 2025-02-27T01:27:40.645946Z
Duration: 5573018792

2025-02-26 20:27:44,451 INFO HTTP Request: POST http://127.0.0.1:11434/api/generate "HTTP/1.1 200 OK"
2025-02-26 20:27:44,453 INFO Answer value
 Id: 41
Response: The deepest ocean trench on Earth is called the Mariana Trench, located in the Pacific Ocean. It has a maximum depth of approximately 36,000 feet (10,973 meters). The lowest point in the trench is called the Challenger Deep, which holds a record-breaking depth of about 35,787 feet (10,902 meters) according to the National Oceanic and Atmospheric Administration (NOAA).
Creation Time: 2025-02-27T01:27:44.443109Z
Duration: 3733698625

2025-02-26 20:27:47,639 INFO HTTP Request: POST http://127.0.0.1:11434/api/generate "HTTP/1.1 200 OK"
2025-02-26 20:27:47,640 INFO Answer value
 Id: 42
Response: Machu Picchu is located in Peru, South America. It is situated on a mountain ridge above the Urubamba Valley, near the city of Cuzco. Specifically, it is about 80 kilometers (50 miles) northwest of Cuzco and 2,430 meters (7,972 feet) above sea level.
Creation Time: 2025-02-27T01:27:47.615202Z
Duration: 3160625334

2025-02-26 20:27:48,498 INFO HTTP Request: POST http://127.0.0.1:11434/api/generate "HTTP/1.1 200 OK"
2025-02-26 20:27:48,500 INFO Answer value
 Id: 43
Response: The value of Pi up to two decimal places is 3.14.
Creation Time: 2025-02-27T01:27:48.496219Z
Duration: 852233292

2025-02-26 20:27:51,287 INFO HTTP Request: POST http://127.0.0.1:11434/api/generate "HTTP/1.1 200 OK"
2025-02-26 20:27:51,289 INFO Answer value
 Id: 44
Response: Theresa May was the first female Prime Minister of the United Kingdom, serving from July 13, 2016, to July 24, 2019. She succeeded David Cameron as leader of the Conservative Party and became the second female Prime Minister in British history after Margaret Thatcher.
Creation Time: 2025-02-27T01:27:51.277954Z
Duration: 2776111708

2025-02-26 20:28:03,809 INFO HTTP Request: POST http://127.0.0.1:11434/api/generate "HTTP/1.1 200 OK"
2025-02-26 20:28:03,818 INFO Answer value
 Id: 45
Response: The most downloaded app of all time is TikTok, with over 2 billion downloads as of 2022. However, it's worth noting that the exact number of downloads can be difficult to track and may vary depending on the source.

According to various reports and market research firms, here are some of the most downloaded apps of all time:

1. TikTok: Over 2 billion downloads (as of 2022)
2. Instagram: Over 1.5 billion downloads
3. Facebook: Over 1.4 billion downloads
4. YouTube: Over 1.3 billion downloads
5. WhatsApp: Over 1.2 billion downloads

It's worth noting that the number of downloads can vary depending on the source and methodology used to track them. Additionally, the most downloaded app can change over time as new apps gain popularity.

Other sources that have reported different numbers include:

* A report by App Annie in 2020 estimated that TikTok had over 1.5 billion downloads.
* A report by Sensor Tower in 2019 estimated that Instagram had over 1.4 billion downloads.
* A report by Statista in 2020 estimated that Facebook had over 1.3 billion downloads.

It's always a good idea to take these numbers with a grain of salt and consider them as estimates rather than exact figures.
Creation Time: 2025-02-27T01:28:03.780452Z
Duration: 12488820834

2025-02-26 20:28:12,864 INFO HTTP Request: POST http://127.0.0.1:11434/api/generate "HTTP/1.1 200 OK"
2025-02-26 20:28:12,871 INFO Answer value
 Id: 46
Response: The World Wide Web (WWW) was invented by Sir Tim Berners-Lee, a British computer scientist and engineer. In 1989, while working at CERN (the European Organization for Nuclear Research), Berners-Lee developed the fundamental technologies that make up the web, including:

1. HTTP (Hypertext Transfer Protocol)
2. URL (Uniform Resource Locator)
3. HTML (Hypertext Markup Language)

Berners-Lee wrote a proposal to CERN in March 1989 outlining his idea for an information management system that would allow researchers to share and link documents using hypertext. The web was initially designed to facilitate the sharing of research papers and other information among scientists.

The first website was launched on August 6, 1991, and was hosted on a NeXT computer at CERN. Berners-Lee's invention revolutionized the way people access and share information over the internet, and he is widely credited with creating the foundation of the modern web as we know it today.
Creation Time: 2025-02-27T01:28:12.846109Z
Duration: 9020617459

2025-02-26 20:28:21,488 INFO HTTP Request: POST http://127.0.0.1:11434/api/generate "HTTP/1.1 200 OK"
2025-02-26 20:28:21,503 INFO Answer value
 Id: 47
Response: The hottest planet in our solar system is Venus. It has a surface temperature of around 462°C (863°F), which is hot enough to melt lead. This extreme heat is due to a runaway greenhouse effect caused by its thick atmosphere, which is composed mostly of carbon dioxide.

Venus' proximity to the sun and its lack of a magnetic field also contribute to its extremely high temperatures. The planet's surface temperature is hotter than Mercury, even though Mercury is closer to the sun. This is because Venus has a much thicker atmosphere that traps heat more effectively.

It's worth noting that while Venus is the hottest planet in terms of surface temperature, Mercury is actually the closest planet to the sun and receives more direct sunlight per unit area. However, its proximity to the sun means that it does not have an atmosphere like Venus' to trap heat, resulting in much colder temperatures on its surface.
Creation Time: 2025-02-27T01:28:21.454093Z
Duration: 8580908875

2025-02-26 20:28:23,382 INFO HTTP Request: POST http://127.0.0.1:11434/api/generate "HTTP/1.1 200 OK"
2025-02-26 20:28:23,384 INFO Answer value
 Id: 48
Response: The national flower of Japan is the cherry blossom (Sakura). It is highly revered in Japanese culture, symbolizing the fleeting nature of life and the arrival of spring.
Creation Time: 2025-02-27T01:28:23.36909Z
Duration: 1856719500

2025-02-26 20:28:24,375 INFO HTTP Request: POST http://127.0.0.1:11434/api/generate "HTTP/1.1 200 OK"
2025-02-26 20:28:24,376 INFO Answer value
 Id: 49
Response: The country commonly referred to as the "Land of the Rising Sun" is Japan.
Creation Time: 2025-02-27T01:28:24.37206Z
Duration: 986684000

2025-02-26 20:28:26,055 INFO HTTP Request: POST http://127.0.0.1:11434/api/generate "HTTP/1.1 200 OK"
2025-02-26 20:28:26,057 INFO Answer value
 Id: 50
Response: The first President of the United States was George Washington. He served two terms from April 30, 1789, to March 4, 1797.
Creation Time: 2025-02-27T01:28:26.051124Z
Duration: 1673793459

2025-02-26 20:28:26,057 INFO Total time spent generating the response: in nanoseconds 268976744875

2025-02-26 20:28:26,057 INFO Total time spent generating the response: in seconds 268.976744875

2025-02-26 20:28:26,057 INFO Total time spent generating the response: in minutes 4.482945747916667