2025-02-26 20:05:11,629 INFO HTTP Request: POST http://127.0.0.1:11434/api/generate "HTTP/1.1 200 OK"
2025-02-26 20:05:11,637 INFO Answer value
 Id: 1
Response: Rochester is a city located in the U.S. state of New York, specifically in Monroe County. It is situated on the southern end of Lake Ontario, about 60 miles (97 km) north of Buffalo and 160 miles (257 km) south of Syracuse. The city has a population of around 210,000 people, making it one of the largest cities in upstate New York.
Creation Time: 2025-02-27T01:05:11.237199Z
Duration: 5197912583

2025-02-26 20:05:12,085 INFO HTTP Request: POST http://127.0.0.1:11434/api/generate "HTTP/1.1 200 OK"
2025-02-26 20:05:12,086 INFO Answer value
 Id: 2
Response: The United States has a total of 50 states.
Creation Time: 2025-02-27T01:05:12.084962Z
Duration: 444256208

2025-02-26 20:05:14,602 INFO HTTP Request: POST http://127.0.0.1:11434/api/generate "HTTP/1.1 200 OK"
2025-02-26 20:05:14,604 INFO Answer value
 Id: 3
Response: As of my last update in 2023, the President of the United States is Joe Biden. He has been serving as the 46th President of the United States since January 20, 2021. However, please note that political positions and information can change over time, so it's always a good idea to verify the current president through a reliable source if you're looking for up-to-date information.
Creation Time: 2025-02-27T01:05:14.595269Z
Duration: 2508394541

2025-02-26 20:05:22,997 INFO HTTP Request: POST http://127.0.0.1:11434/api/generate "HTTP/1.1 200 OK"
2025-02-26 20:05:22,999 INFO Answer value
 Id: 4
Response: Here's a list of the top 5 restaurants in New York, based on reviews and ratings:

1. **Eleven Madison Park** (Three Michelin stars) - A fine dining restaurant located in the Flatiron District, known for its seasonal American cuisine and exceptional service.

Address: 11 Madison Ave, New York, NY 10010

2. **Carbone** (One Michelin star) - An upscale Italian-American restaurant in Greenwich Village, famous for its retro decor and exceptional seafood dishes.

Address: 181 Thompson St, New York, NY 10012

3. **Le Bernardin** (Three Michelin stars) - A seafood-focused restaurant located in Midtown West, known for its impeccable service and creative French cuisine.

Address: 155 W 51st St, New York, NY 10019

4. **Peter Luger Steak House** (One Michelin star) - A classic steakhouse in Brooklyn's DUMBO neighborhood, famous for its dry-aged steaks and old-school atmosphere.

Address: 178 Broadway, Brooklyn, NY 11201

5. **Masa** (Three Michelin stars) - An upscale Japanese restaurant located in the Time Warner Center, known for its impeccable service and seasonal sushi.

Address: 10 Columbus Circle, New York, NY 10019
Creation Time: 2025-02-27T01:05:22.970825Z
Duration: 8364764375

2025-02-26 20:05:35,664 INFO HTTP Request: POST http://127.0.0.1:11434/api/generate "HTTP/1.1 200 OK"
2025-02-26 20:05:35,674 INFO Answer value
 Id: 5
Response: Determining the best soccer player of all time is a subjective matter that can spark intense debates. However, based on various metrics and expert opinions, some candidates often mentioned in such discussions include:

1. Lionel Messi: Regarded by many as the greatest soccer player of all time, Messi has won numerous accolades, including six Ballon d'Or awards, ten La Liga titles, and four UEFA Champions League titles.
2. Cristiano Ronaldo: A five-time Ballon d'Or winner, Ronaldo has consistently dominated the sport, winning numerous titles with Manchester United, Real Madrid, and Juventus, as well as individual awards such as the FIFA Best Player award.
3. Diego Maradona: A legendary Argentine midfielder, Maradona is remembered for his exceptional dribbling skills, vision, and leadership on the pitch. He led Argentina to World Cup victory in 1986 and was inducted into the FIFA Hall of Fame in 2018.
4. Johan Cruyff: A Dutch footballer who revolutionized the sport with his innovative playing style and concept of "Total Football." Cruyff won three Ballon d'Or awards during his career, including a record eight European Cup titles.
5. Franz Beckenbauer: A German player and coach who is best known for his successful spell at Bayern Munich, where he won four Bundesliga titles and the UEFA Champions League in 1974.

According to various expert polls and rankings, Lionel Messi is often considered one of the greatest soccer players of all time, followed closely by Cristiano Ronaldo. However, opinions may vary depending on individual perspectives and criteria used to evaluate player performances.

It's also worth noting that other notable mentions include:

* Pelé
* Zinedine Zidane
* Gareth Barry
* Andres Iniesta
* Kevin Keegan

Ultimately, the "best" soccer player of all time is a matter of personal opinion, influenced by factors such as playing style, team success, and individual achievements.
Creation Time: 2025-02-27T01:05:35.633762Z
Duration: 12632804416

2025-02-26 20:05:35,983 INFO HTTP Request: POST http://127.0.0.1:11434/api/generate "HTTP/1.1 200 OK"
2025-02-26 20:05:35,983 INFO Answer value
 Id: 6
Response: The capital of France is Paris.
Creation Time: 2025-02-27T01:05:35.981848Z
Duration: 303752084

2025-02-26 20:05:37,428 INFO HTTP Request: POST http://127.0.0.1:11434/api/generate "HTTP/1.1 200 OK"
2025-02-26 20:05:37,429 INFO Answer value
 Id: 7
Response: There are seven continents in the world, as commonly recognized. They are:

1. Africa
2. Antarctica
3. Asia
4. Australia
5. Europe
6. North America
7. South America
Creation Time: 2025-02-27T01:05:37.423663Z
Duration: 1438902208

2025-02-26 20:05:38,798 INFO HTTP Request: POST http://127.0.0.1:11434/api/generate "HTTP/1.1 200 OK"
2025-02-26 20:05:38,801 INFO Answer value
 Id: 8
Response: The tallest mountain on Earth is Mount Everest, located in the Himalayas between Nepal and Tibet. It stands at a height of 8,848 meters (29,029 feet) above sea level.
Creation Time: 2025-02-27T01:05:38.78Z
Duration: 1349101000

2025-02-26 20:05:39,979 INFO HTTP Request: POST http://127.0.0.1:11434/api/generate "HTTP/1.1 200 OK"
2025-02-26 20:05:39,980 INFO Answer value
 Id: 9
Response: "To Kill a Mockingbird" was written by Harper Lee. It's a classic novel published in 1960, which has become a beloved and influential work of American literature.
Creation Time: 2025-02-27T01:05:39.975479Z
Duration: 1171832625

2025-02-26 20:05:42,269 INFO HTTP Request: POST http://127.0.0.1:11434/api/generate "HTTP/1.1 200 OK"
2025-02-26 20:05:42,275 INFO Answer value
 Id: 10
Response: The Pacific Ocean is the largest of the world's five oceans, covering an area of approximately 155.6 million square kilometers (60.1 million square miles). It accounts for about 46% of the total surface area of all the world's oceans and has a volume of about 7.77 trillion cubic kilometers (1.85 trillion cubic miles).
Creation Time: 2025-02-27T01:05:42.258516Z
Duration: 2276517916

2025-02-26 20:05:44,705 INFO HTTP Request: POST http://127.0.0.1:11434/api/generate "HTTP/1.1 200 OK"
2025-02-26 20:05:44,706 INFO Answer value
 Id: 11
Response: The Mona Lisa was painted by the Italian artist Leonardo da Vinci. He created it in the early 16th century, specifically between 1503 and 1506, when he was working as a member of the court painter Andrea del Verrocchio in Florence, Italy. The painting is one of his most famous works and is widely considered to be one of the greatest paintings of all time.
Creation Time: 2025-02-27T01:05:44.701072Z
Duration: 2424192208

2025-02-26 20:05:47,073 INFO HTTP Request: POST http://127.0.0.1:11434/api/generate "HTTP/1.1 200 OK"
2025-02-26 20:05:47,075 INFO Answer value
 Id: 12
Response: The longest river in the world is the Nile River, which is approximately 6,695 kilometers (4,160 miles) long. It flows through 11 countries in northeastern Africa and empties into the Mediterranean Sea. The Nile has been a vital source of water, food, and transportation for many ancient civilizations and continues to play an important role in modern-day Egypt's economy and culture.
Creation Time: 2025-02-27T01:05:47.063244Z
Duration: 2355565833

2025-02-26 20:05:48,470 INFO HTTP Request: POST http://127.0.0.1:11434/api/generate "HTTP/1.1 200 OK"
2025-02-26 20:05:48,471 INFO Answer value
 Id: 13
Response: There are eight planets in our solar system. They are:

1. Mercury
2. Mars
3. Venus
4. Earth
5. Neptune
6. Uranus
7. Saturn
8. Jupiter
Creation Time: 2025-02-27T01:05:48.468644Z
Duration: 1390375792

2025-02-26 20:05:50,768 INFO HTTP Request: POST http://127.0.0.1:11434/api/generate "HTTP/1.1 200 OK"
2025-02-26 20:05:50,770 INFO Answer value
 Id: 14
Response: The speed of light is approximately 299,792,458 meters per second (m/s) or 186,282 miles per second. This is a fundamental constant in physics and is denoted by the letter c. It's the fastest speed at which any object or information can travel in a vacuum, and it's often represented by the Greek letter omega (ω).
Creation Time: 2025-02-27T01:05:50.765154Z
Duration: 2290927500

2025-02-26 20:05:53,194 INFO HTTP Request: POST http://127.0.0.1:11434/api/generate "HTTP/1.1 200 OK"
2025-02-26 20:05:53,195 INFO Answer value
 Id: 15
Response: Microsoft was founded by two individuals, Bill Gates and Paul Allen. They met in college at the University of Washington and were roommates for a time before becoming friends and eventually business partners. They officially incorporated their company on April 4, 1975, and it was initially named "Micro-Soft," with Gates being the chairman of the board and Allen as the chief technical officer (CTO).
Creation Time: 2025-02-27T01:05:53.185662Z
Duration: 2414000458

2025-02-26 20:05:55,398 INFO HTTP Request: POST http://127.0.0.1:11434/api/generate "HTTP/1.1 200 OK"
2025-02-26 20:05:55,400 INFO Answer value
 Id: 16
Response: The most recent FIFA World Cup was the 2022 FIFA World Cup, which took place in Qatar. The winner of that tournament was Argentina, who defeated France 4-2 in a penalty shootout after the game had ended 3-3 after extra time. This was Argentina's fourth World Cup title and their first since 1986.
Creation Time: 2025-02-27T01:05:55.394361Z
Duration: 2197102417

2025-02-26 20:05:59,316 INFO HTTP Request: POST http://127.0.0.1:11434/api/generate "HTTP/1.1 200 OK"
2025-02-26 20:05:59,319 INFO Answer value
 Id: 17
Response: According to Ethnologue, a reliable source on languages and linguistics, Mandarin Chinese is currently the most widely spoken language in the world. It has over 1 billion speakers globally, with the majority living in China.

Mandarin Chinese is a Sino-Tibetan language that is native to mainland China and Taiwan. It is an official language of China and one of the six official languages of the United Nations.

It's worth noting that English is often considered the most widely spoken language due to its global spread as a second language, but Mandarin Chinese has a significant number of native speakers, especially in China.
Creation Time: 2025-02-27T01:05:59.292799Z
Duration: 3890146333

2025-02-26 20:06:01,752 INFO HTTP Request: POST http://127.0.0.1:11434/api/generate "HTTP/1.1 200 OK"
2025-02-26 20:06:01,755 INFO Answer value
 Id: 18
Response: The first person to walk on the moon was Neil Armstrong. He became the first human to set foot on the lunar surface on July 20, 1969, as part of the Apollo 11 mission. Armstrong famously declared, "That's one small step for man, one giant leap for mankind," as he stepped out of the lunar module Eagle and onto the moon's surface.
Creation Time: 2025-02-27T01:06:01.735236Z
Duration: 2413838333

2025-02-26 20:06:04,333 INFO HTTP Request: POST http://127.0.0.1:11434/api/generate "HTTP/1.1 200 OK"
2025-02-26 20:06:04,335 INFO Answer value
 Id: 19
Response: The smallest country in the world, by land area, is the Vatican City. It has a total area of approximately 0.44 km² (0.17 sq mi). However, if you consider the total area including water, including the surrounding islands and territories, the Vatican City would be slightly larger.

But if we're looking for the smallest country in terms of physical land area, it's actually the Vatican City.
Creation Time: 2025-02-27T01:06:04.330657Z
Duration: 2573396500

2025-02-26 20:06:04,782 INFO HTTP Request: POST http://127.0.0.1:11434/api/generate "HTTP/1.1 200 OK"
2025-02-26 20:06:04,782 INFO Answer value
 Id: 20
Response: The currency of Japan is the Japanese yen (JPY).
Creation Time: 2025-02-27T01:06:04.780808Z
Duration: 443288875

2025-02-26 20:06:17,534 INFO HTTP Request: POST http://127.0.0.1:11434/api/generate "HTTP/1.1 200 OK"
2025-02-26 20:06:17,538 INFO Answer value
 Id: 21
Response: The concept of gravity has been understood and described by many scientists over time. While it's difficult to attribute the "discovery" of gravity to a single person, I can provide some insight into the key figures who contributed significantly to our understanding of gravity.

One of the earliest recorded observations of gravity was made by ancient Greek philosopher Aristotle (384-322 BCE). He proposed that heavy objects tend towards the center of the Earth, and that this force is what keeps us on the ground. However, his idea was not widely accepted until later.

The modern concept of gravity as we know it today was developed by Sir Isaac Newton (1643-1727) in his groundbreaking book "Philosophiæ Naturalis Principia Mathematica" in 1687. Newton's law of universal gravitation states that every point mass attracts every other point mass with a force proportional to the product of their masses and inversely proportional to the square of the distance between them.

Another key figure was German mathematician and physicist Johannes Kepler (1571-1630), who observed the orbits of planets around the Sun in 1619. He realized that the orbits were elliptical, not circular, which led him to propose a new understanding of the gravitational forces acting on celestial bodies.

Leonardo da Vinci (1452-1519) also made significant contributions to our understanding of gravity through his studies of human anatomy and the behavior of projectiles. He designed flying machines and wrote about the concept of "weightlessness," which is closely related to gravity.

Finally, Albert Einstein (1879-1955) revolutionized our understanding of gravity with his theory of general relativity in 1915. This theory postulates that gravity is not a force between objects, but rather a curvature of spacetime caused by the presence of mass and energy.

So, while it's difficult to identify a single "discoverer" of gravity, these individuals, along with many others, have contributed significantly to our understanding of this fundamental concept.
Creation Time: 2025-02-27T01:06:17.495851Z
Duration: 12712756291

2025-02-26 20:06:17,987 INFO HTTP Request: POST http://127.0.0.1:11434/api/generate "HTTP/1.1 200 OK"
2025-02-26 20:06:17,987 INFO Answer value
 Id: 22
Response: The boiling point of water in Celsius is 100 degrees Celsius.
Creation Time: 2025-02-27T01:06:17.985972Z
Duration: 446131709

2025-02-26 20:06:22,941 INFO HTTP Request: POST http://127.0.0.1:11434/api/generate "HTTP/1.1 200 OK"
2025-02-26 20:06:22,942 INFO Answer value
 Id: 23
Response: The Great Wall of China is located in China, a country in East Asia. It stretches across over 13,000 miles (21,000 km) from northern China to southern China, but its core is situated in several provinces, including:

* Beijing
* Shanxi
* Inner Mongolia
* Hebei
* Liaoning

The wall was built by multiple dynasties, with the most famous and well-preserved sections being those along the eastern coast of China, such as the Badaling Great Wall in Beijing, the Mutianyu Great Wall in Beijing, and the Jinshanling Great Wall in Hebei Province.

It's worth noting that there are many other parts of the wall that are not as well-known or accessible to tourists, but these sections are some of the most popular and easily reached destinations.
Creation Time: 2025-02-27T01:06:22.933699Z
Duration: 4944862375

2025-02-26 20:06:23,247 INFO HTTP Request: POST http://127.0.0.1:11434/api/generate "HTTP/1.1 200 OK"
2025-02-26 20:06:23,247 INFO Answer value
 Id: 24
Response: The chemical symbol for gold is Au.
Creation Time: 2025-02-27T01:06:23.247053Z
Duration: 304376833

2025-02-26 20:06:31,628 INFO HTTP Request: POST http://127.0.0.1:11434/api/generate "HTTP/1.1 200 OK"
2025-02-26 20:06:31,635 INFO Answer value
 Id: 25
Response: The invention of the telephone is a bit complex, as it involved the contributions of several individuals over time. The first practical telephone was patented by Alexander Graham Bell in 1876. However, there is some controversy about who should be credited with its invention.

Bell's patent for the "telegraph improvements" was filed on March 7, 1875, and he developed a device that could transmit the human voice over wires. He demonstrated his invention to his assistant, Thomas Watson, on March 10, 1876. On March 7, 1876, Bell sent the first message via telephone, which read "Mr. Watson, come here, I want to see you."

However, there were others who worked on similar inventions around the same time. For example, Elisha Gray had filed a caveat for a telephone invention at the U.S. Patent Office on February 14, 1876, just hours after Bell's patent application was filed. Additionally, Antonio Meucci, an Italian inventor, claimed to have developed a "talking telegraph" as early as the 1840s.

It's worth noting that Bell was the first to successfully transmit speech over wires using his device, which paved the way for modern telecommunications systems. However, it's impossible to attribute the invention of the telephone to just one person.
Creation Time: 2025-02-27T01:06:31.617458Z
Duration: 8369517041

2025-02-26 20:06:34,494 INFO HTTP Request: POST http://127.0.0.1:11434/api/generate "HTTP/1.1 200 OK"
2025-02-26 20:06:34,494 INFO Answer value
 Id: 26
Response: The largest mammal in the world is the blue whale (Balaenoptera musculus). On average, an adult blue whale can grow up to 82 feet (25 meters) in length and weigh around 150-170 tons (136,000-152,000 kg). However, some blue whales have been known to reach lengths of up to 100 feet (30 meters) and weigh as much as 200 tons (181,000 kg) or more.
Creation Time: 2025-02-27T01:06:34.481196Z
Duration: 2837677125

2025-02-26 20:06:34,934 INFO HTTP Request: POST http://127.0.0.1:11434/api/generate "HTTP/1.1 200 OK"
2025-02-26 20:06:34,935 INFO Answer value
 Id: 27
Response: The movie "Inception" was directed by Christopher Nolan.
Creation Time: 2025-02-27T01:06:34.929822Z
Duration: 433714875

2025-02-26 20:06:37,692 INFO HTTP Request: POST http://127.0.0.1:11434/api/generate "HTTP/1.1 200 OK"
2025-02-26 20:06:37,693 INFO Answer value
 Id: 28
Response: The national dish of Italy is typically considered to be "Pasta Carbonara" or more specifically, "Carbonara alla Romana". However, another strong contender for this title is "Pizzaiolo" (a Neapolitan-style pizza) and "Pollo alla Cacciatora" (a hunter-style chicken dish), but among the traditional dishes commonly recognized as national dishes, Pasta Carbonara is often considered a top candidate.
Creation Time: 2025-02-27T01:06:37.684523Z
Duration: 2746912042

2025-02-26 20:06:39,746 INFO HTTP Request: POST http://127.0.0.1:11434/api/generate "HTTP/1.1 200 OK"
2025-02-26 20:06:39,747 INFO Answer value
 Id: 29
Response: The planet known as the "Red Planet" is Mars. This nickname refers to its reddish appearance, which is caused by iron oxide (or rust) in the planet's soil and rocks. Mars has been a popular target for space exploration due to its potential for supporting life and studying the habitability of other planets in our solar system.
Creation Time: 2025-02-27T01:06:39.742255Z
Duration: 2047165791

2025-02-26 20:06:44,560 INFO HTTP Request: POST http://127.0.0.1:11434/api/generate "HTTP/1.1 200 OK"
2025-02-26 20:06:44,562 INFO Answer value
 Id: 30
Response: The most popular sport in the world can vary depending on the source and the criteria used to measure popularity. However, based on various metrics such as television viewership, participation, and revenue, soccer (or association football) is often considered the most popular sport globally.

According to a survey conducted by the International Federation of Association Football (FIFA), soccer is played by over 3.5 billion people worldwide, making it the most widely played recreational sport in the world. The FIFA World Cup, held every four years, attracts millions of viewers and generates billions of dollars in revenue.

Other popular sports, such as cricket, basketball, tennis, and golf, also have a significant following globally, but soccer's sheer scale and reach make it the most popular sport in the world.
Creation Time: 2025-02-27T01:06:44.552619Z
Duration: 4803381500

2025-02-26 20:06:46,779 INFO HTTP Request: POST http://127.0.0.1:11434/api/generate "HTTP/1.1 200 OK"
2025-02-26 20:06:46,780 INFO Answer value
 Id: 31
Response: The Statue of Liberty is located on Liberty Island in New York Harbor, off the coast of Manhattan, New York City. It was a gift from France to the United States and has been a symbol of freedom and democracy for over 130 years. The statue is situated between the states of New York and New Jersey, near the southern tip of Manhattan.
Creation Time: 2025-02-27T01:06:46.767343Z
Duration: 2204035000

2025-02-26 20:06:52,459 INFO HTTP Request: POST http://127.0.0.1:11434/api/generate "HTTP/1.1 200 OK"
2025-02-26 20:06:52,463 INFO Answer value
 Id: 32
Response: Charles Babbage (1791-1871) is widely recognized as the "Father of Computing." He was an English mathematician, computer scientist, and inventor who is often credited with designing the first mechanical computers. His proposed mechanical general-purpose computer, called the Analytical Engine, was a groundbreaking concept that laid the foundation for modern computing.

Babbage's work on the Analytical Engine was largely forgotten until 1965, when Mary Park Whistlestop Wrench discovered Babbage's notes and plans in a library book. Since then, his contributions to the field of computer science have been extensively researched and recognized as crucial to the development of modern computers.

Other notable contributors to the early development of computers include Ada Lovelace (1815-1852), who is often considered the first computer programmer, and Alan Turing (1912-1954), who made significant contributions to the field of artificial intelligence.
Creation Time: 2025-02-27T01:06:52.445026Z
Duration: 5664106625

2025-02-26 20:07:02,350 INFO HTTP Request: POST http://127.0.0.1:11434/api/generate "HTTP/1.1 200 OK"
2025-02-26 20:07:02,352 INFO Answer value
 Id: 33
Response: The hardness of a natural substance can be measured by the Mohs hardness scale, which ranges from 1 (softest) to 10 (hardest). The hardest natural substances are typically those with a very high number of carbon atoms arranged in a crystalline structure.

According to various sources, including the International Union of Pure and Applied Chemistry (IUPAC), some of the hardest natural substances on Earth include:

1. Diamond: With a Mohs hardness of 10, diamond is the hardest naturally occurring substance known. Its unique crystal structure consists of a strong, rigid lattice of carbon atoms.
2. Quartz: Quartz has a Mohs hardness of 7, but it's often referred to as extremely hard due to its unique crystalline structure and high density.
3. Topaz: With a Mohs hardness of 8, topaz is a relatively rare mineral that is found in several types of rocks.
4. Corundum (Aluminum Oxide): Corundum has a Mohs hardness of 9, making it one of the hardest minerals on Earth. It's often used in industrial applications due to its exceptional hardness and resistance to wear.

Other notable mentions include:

* Calcite: A calcium carbonate mineral with a Mohs hardness of 3-4
* Gypsum: A hydrated calcium sulfate mineral with a Mohs hardness of 2-3
* Obsidian: A naturally formed volcanic glass with a Mohs hardness of 5-6

Keep in mind that the hardness of a substance can be difficult to measure and may vary depending on the specific type, size, and cut of the sample.
Creation Time: 2025-02-27T01:07:02.333488Z
Duration: 9869564458

2025-02-26 20:07:04,513 INFO HTTP Request: POST http://127.0.0.1:11434/api/generate "HTTP/1.1 200 OK"
2025-02-26 20:07:04,519 INFO Answer value
 Id: 34
Response: Beethoven's Symphony No. 5 was actually composed by Ludwig van Beethoven, a German composer and pianist. It is one of his most famous symphonies, and it is known for its distinctive four-note opening motif. The symphony was completed in 1807 and is considered one of the most iconic works in classical music.
Creation Time: 2025-02-27T01:07:04.504481Z
Duration: 2151285167

2025-02-26 20:07:05,628 INFO HTTP Request: POST http://127.0.0.1:11434/api/generate "HTTP/1.1 200 OK"
2025-02-26 20:07:05,628 INFO Answer value
 Id: 35
Response: The element with atomic number 1 is Hydrogen. It's the lightest and most abundant chemical element in the universe, consisting of one proton in its atomic nucleus.
Creation Time: 2025-02-27T01:07:05.62545Z
Duration: 1104197625

2025-02-26 20:07:05,969 INFO HTTP Request: POST http://127.0.0.1:11434/api/generate "HTTP/1.1 200 OK"
2025-02-26 20:07:05,970 INFO Answer value
 Id: 36
Response: The capital of Australia is Canberra.
Creation Time: 2025-02-27T01:07:05.966802Z
Duration: 337571625

2025-02-26 20:07:07,697 INFO HTTP Request: POST http://127.0.0.1:11434/api/generate "HTTP/1.1 200 OK"
2025-02-26 20:07:07,698 INFO Answer value
 Id: 37
Response: In the human body, there are 206 bones. This number can vary slightly from person to person, as some individuals may have extra or missing bones due to various genetic or developmental conditions. However, 206 is the typical number of bones found in an average adult human skeleton.
Creation Time: 2025-02-27T01:07:07.695596Z
Duration: 1724359208

2025-02-26 20:07:08,979 INFO HTTP Request: POST http://127.0.0.1:11434/api/generate "HTTP/1.1 200 OK"
2025-02-26 20:07:08,983 INFO Answer value
 Id: 38
Response: The play "Romeo and Juliet" was written by William Shakespeare. It is one of his most famous tragedies and is believed to have been written between 1591 and 1595.
Creation Time: 2025-02-27T01:07:08.966752Z
Duration: 1266955417

2025-02-26 20:07:15,069 INFO HTTP Request: POST http://127.0.0.1:11434/api/generate "HTTP/1.1 200 OK"
2025-02-26 20:07:15,073 INFO Answer value
 Id: 39
Response: The largest desert in the world is the Antarctic Desert, which covers an area of approximately 14 million square kilometers (5.4 million square miles). However, if you're referring to the world's major deserts by land area, the answer would be the Sahara Desert, covering about 9,400,000 square kilometers (3,600,000 square miles).

But if you're looking for a desert that's not necessarily a single large body of water or saltwater lake, then the Atacama Desert in South America is often considered the largest desert in terms of its size and aridity. It covers an area of approximately 105,069 square kilometers (40,538 square miles) across Chile and Peru.

It's worth noting that the definition of a "desert" can be somewhat subjective, and different sources may have slightly different criteria for what constitutes a desert. However, by most measures, including land area and aridity, the Antarctic Desert is widely considered the largest desert in the world.
Creation Time: 2025-02-27T01:07:15.050012Z
Duration: 6064929416

2025-02-26 20:07:16,626 INFO HTTP Request: POST http://127.0.0.1:11434/api/generate "HTTP/1.1 200 OK"
2025-02-26 20:07:16,628 INFO Answer value
 Id: 40
Response: The first Nobel Prize in Physics was awarded to William Ramsay and Morris Travers in 1904. They were jointly awarded for their discovery of the element argon, which they isolated from natural gases through the electrolysis of a mineral salt solution.
Creation Time: 2025-02-27T01:07:16.620064Z
Duration: 1544675250

2025-02-26 20:07:19,081 INFO HTTP Request: POST http://127.0.0.1:11434/api/generate "HTTP/1.1 200 OK"
2025-02-26 20:07:19,082 INFO Answer value
 Id: 41
Response: The deepest ocean trench on Earth is the Mariana Trench, which is located in the western Pacific Ocean. It has a maximum depth of approximately 36,000 feet (10,973 meters). The lowest point in the trench is called the Challenger Deep. To put that in perspective, Mount Everest, the highest mountain on Earth, is about 29,000 feet (8,848 meters) tall.
Creation Time: 2025-02-27T01:07:19.079213Z
Duration: 2449579250

2025-02-26 20:07:21,491 INFO HTTP Request: POST http://127.0.0.1:11434/api/generate "HTTP/1.1 200 OK"
2025-02-26 20:07:21,494 INFO Answer value
 Id: 42
Response: Machu Picchu is an Inca citadel located in Peru, South America. Specifically, it's situated near the Andes mountain range, about 2,430 meters (7,972 feet) above sea level, on a steep mountain ridge above the Urubamba Valley. The site is nestled in the Andean highlands, within the Cusco Region of Peru.
Creation Time: 2025-02-27T01:07:21.474818Z
Duration: 2391849584

2025-02-26 20:07:26,190 INFO HTTP Request: POST http://127.0.0.1:11434/api/generate "HTTP/1.1 200 OK"
2025-02-26 20:07:26,190 INFO Answer value
 Id: 43
Response: The value of Pi (π) is approximately 3.14159 up to six decimal places, and it's known that as you move further away from the origin in a counterclockwise direction on the unit circle, the ratio of the arc length to the circumference approaches Pi.

Using the formula for the arc length of a circle given by θ (angle in radians), and knowing that 2π is equal to π times the number of sides of a polygon with a given perimeter, we can approximate Pi from the following:

The area of a circle is 22/7 times the square of its radius.

Using this formula for circles of increasing radii and taking into account their respective perimeters (circumference = 2πr), it is possible to approximate Pi.
Creation Time: 2025-02-27T01:07:26.174946Z
Duration: 4678965750

2025-02-26 20:07:27,626 INFO HTTP Request: POST http://127.0.0.1:11434/api/generate "HTTP/1.1 200 OK"
2025-02-26 20:07:27,628 INFO Answer value
 Id: 44
Response: The first female Prime Minister of the United Kingdom was Margaret Thatcher. She served as the Prime Minister from 1979 to 1990 and again in a second term from 1990 until her resignation in 1997.
Creation Time: 2025-02-27T01:07:27.62497Z
Duration: 1433044375

2025-02-26 20:07:35,492 INFO HTTP Request: POST http://127.0.0.1:11434/api/generate "HTTP/1.1 200 OK"
2025-02-26 20:07:35,495 INFO Answer value
 Id: 45
Response: The most downloaded app of all time is likely to be a matter of some debate, as there are various ways to measure app downloads and different sources may provide different numbers. However, according to various reports and statistics, including those from Statista and The New York Times, the top 5 most downloaded apps of all time are:

1. Facebook - with over 2 billion monthly active users
2. WhatsApp - with over 1 billion monthly active users
3. TikTok - with over 700 million monthly active users
4. YouTube - with over 500 million monthly active users
5. Instagram - with over 400 million monthly active users

It's worth noting that these numbers are subject to change and may not reflect the current most downloaded app of all time. Additionally, it's also worth mentioning that downloads don't necessarily mean usage, so some apps may still be in beta or not yet widely adopted.

If we consider the number of downloads specifically, rather than monthly active users, some other apps that have achieved remarkable numbers include:

1. Candy Crush Saga (over 1 billion downloads)
2. Clash of Clans (over 500 million downloads)
3. Fortnite (over 400 million downloads)

Again, these numbers are subject to change and may not reflect the current most downloaded app of all time.
Creation Time: 2025-02-27T01:07:35.478589Z
Duration: 7848690834

2025-02-26 20:07:45,827 INFO HTTP Request: POST http://127.0.0.1:11434/api/generate "HTTP/1.1 200 OK"
2025-02-26 20:07:45,830 INFO Answer value
 Id: 46
Response: The invention of the World Wide Web (WWW) is a collaborative effort that involved many individuals and groups over several decades. While it is difficult to attribute the invention of the WWW to a single person, I can provide you with some key players who contributed significantly to its development.

One of the pioneers of the Internet was Vint Cerf and Bob Kahn, also known as the "fathers of the Internet." They designed the fundamental communication protocols that enable data to be transmitted between different computer networks. Their work on TCP/IP (Transmission Control Protocol/Internet Protocol) laid the foundation for modern-day networking.

Another important figure is Tim Berners-Lee, a British computer scientist who invented the World Wide Web in 1989. He proposed an information management system that used HTTP (Hypertext Transfer Protocol), URL (Uniform Resource Locator), and HTML (HyperText Markup Language). Berners-Lee created the first web browser, called WorldWideWeb, which was later renamed to Netscape Navigator.

The development of the World Wide Web was also driven by other individuals, including:

* Marc Andreessen, who developed Mosaic, a web browser that made it easy for non-technical people to access and navigate the web.
* Jim Clark, who co-founded Netscape Communications and played a key role in popularizing the web through his company's products, such as Netscape Navigator.
* Larry Page and Sergey Brin, who co-founded Google and developed the search engine that became an essential part of the web.

Overall, while it is difficult to identify a single inventor of the World Wide Web, these individuals and groups played crucial roles in its development and evolution over time.
Creation Time: 2025-02-27T01:07:45.804321Z
Duration: 10307391208

2025-02-26 20:07:50,050 INFO HTTP Request: POST http://127.0.0.1:11434/api/generate "HTTP/1.1 200 OK"
2025-02-26 20:07:50,052 INFO Answer value
 Id: 47
Response: The hottest planet in our solar system is Venus. Its surface temperature can reach as high as 462°C (863°F), making it the hottest planet in the solar system. This is due to a runaway greenhouse effect caused by its thick atmosphere, which is composed mostly of carbon dioxide. The atmosphere traps heat and creates a strong greenhouse effect, resulting in a extremely hot climate on Venus.

Venus's surface temperature is also surprisingly close to the melting point of lead, indicating that the heat is so intense that it would melt any solid objects that come into contact with it. This unique environment has made Venus one of the most inhospitable places in our solar system.
Creation Time: 2025-02-27T01:07:50.031192Z
Duration: 4200065583

2025-02-26 20:07:53,841 INFO HTTP Request: POST http://127.0.0.1:11434/api/generate "HTTP/1.1 200 OK"
2025-02-26 20:07:53,846 INFO Answer value
 Id: 48
Response: The national flower of Japan is the cherry blossom, specifically the sakura. However, it's worth noting that the country has multiple floral symbols and motifs associated with different regions and cultures.

If you're looking for a single national symbol, the chrysanthemum (known as kikizakura in Japanese) is also widely recognized and revered in Japan. It's often used to represent longevity and honor.

It's also interesting to mention that the Japanese flag features a white field with a large red disk in the center, surrounded by two yellow rays, but it doesn't have any floral motifs.
Creation Time: 2025-02-27T01:07:53.817167Z
Duration: 3762940667

2025-02-26 20:07:56,649 INFO HTTP Request: POST http://127.0.0.1:11434/api/generate "HTTP/1.1 200 OK"
2025-02-26 20:07:56,651 INFO Answer value
 Id: 49
Response: Japan is commonly referred to as the "Land of the Rising Sun." This nickname comes from a historical event where Japan was under attack by China in 1592, and a Japanese samurai named Chūsai Takamatsu, who had been defeated in battle, hid his newborn son on an island in Tokyo Bay. The baby boy, later to be known as Miyamoto Musashi, would grow up to become a famous swordsman.
Creation Time: 2025-02-27T01:07:56.634109Z
Duration: 2785542125

2025-02-26 20:07:57,777 INFO HTTP Request: POST http://127.0.0.1:11434/api/generate "HTTP/1.1 200 OK"
2025-02-26 20:07:57,778 INFO Answer value
 Id: 50
Response: The first President of the United States was George Washington. He served two terms in office from April 30, 1789, to March 4, 1797.
Creation Time: 2025-02-27T01:07:57.77614Z
Duration: 1122423083

2025-02-26 20:07:57,778 INFO Total time spent generating the response: in nanoseconds 170639740037

2025-02-26 20:07:57,778 INFO Total time spent generating the response: in seconds 170.639740037

2025-02-26 20:07:57,778 INFO Total time spent generating the response: in minutes 2.843995667283333

